app/manifest-merger-release-report.txt
-- Merging decision tree log ---
manifest
ADDED from AndroidManifest.xml:2:1
	xmlns:android
		ADDED from AndroidManifest.xml:2:11
	package
		ADDED from AndroidManifest.xml:3:5
		INJECTED from AndroidManifest.xml:0:0
		INJECTED from AndroidManifest.xml:0:0
	android:versionName
		INJECTED from AndroidManifest.xml:0:0
		INJECTED from AndroidManifest.xml:0:0
	android:versionCode
		INJECTED from AndroidManifest.xml:0:0
		INJECTED from AndroidManifest.xml:0:0
uses-permission#android.permission.WRITE_EXTERNAL_STORAGE
ADDED from AndroidManifest.xml:5:5
	android:name
		ADDED from AndroidManifest.xml:5:22
uses-permission#android.permission.READ_EXTERNAL_STORAGE
ADDED from AndroidManifest.xml:6:5
	android:name
		ADDED from AndroidManifest.xml:6:22
uses-permission#android.permission.INTERNET
ADDED from AndroidManifest.xml:7:5
	android:name
		ADDED from AndroidManifest.xml:7:22
application
ADDED from AndroidManifest.xml:9:5
MERGED from com.daimajia.easing:library:1.0.0:11:5
MERGED from com.android.support:support-v4:21.0.2:16:5
MERGED from com.github.dmytrodanylyk.circular-progress-button:library:1.1.3:12:5
MERGED from com.android.support:support-v4:21.0.2:16:5
MERGED from Ly:android-floating-action-button:unspecified:12:5
	android:label
		ADDED from AndroidManifest.xml:13:9
	android:allowBackup
		ADDED from AndroidManifest.xml:11:9
	android:icon
		ADDED from AndroidManifest.xml:12:9
	android:theme
		ADDED from AndroidManifest.xml:14:9
	android:name
		ADDED from AndroidManifest.xml:10:9
provider#org.xhome.ly.dao.DataProvider
ADDED from AndroidManifest.xml:15:9
	android:exported
		ADDED from AndroidManifest.xml:18:13
	android:authorities
		ADDED from AndroidManifest.xml:17:13
	android:name
		ADDED from AndroidManifest.xml:16:13
grant-uri-permission
ADDED from AndroidManifest.xml:19:13
	android:pathPattern
		ADDED from AndroidManifest.xml:19:35
activity#org.xhome.ly.ui.LaunchActivity
ADDED from AndroidManifest.xml:21:9
	android:label
		ADDED from AndroidManifest.xml:23:13
	android:name
		ADDED from AndroidManifest.xml:22:13
intent-filter#android.intent.action.MAIN+android.intent.category.LAUNCHER
ADDED from AndroidManifest.xml:24:13
action#android.intent.action.MAIN
ADDED from AndroidManifest.xml:25:17
	android:name
		ADDED from AndroidManifest.xml:25:25
category#android.intent.category.LAUNCHER
ADDED from AndroidManifest.xml:27:17
	android:name
		ADDED from AndroidManifest.xml:27:27
activity#org.xhome.ly.ui.RegistActivity
ADDED from AndroidManifest.xml:30:9
	android:name
		ADDED from AndroidManifest.xml:30:19
activity#org.xhome.ly.ui.LoginActivity
ADDED from AndroidManifest.xml:31:9
	android:name
		ADDED from AndroidManifest.xml:31:19
activity#org.xhome.ly.ui.DoctorCenterActivity
ADDED from AndroidManifest.xml:32:9
	android:name
		ADDED from AndroidManifest.xml:32:19
activity#org.xhome.ly.ui.DoctorInformationCenter
ADDED from AndroidManifest.xml:33:9
	android:name
		ADDED from AndroidManifest.xml:33:19
activity#org.xhome.ly.ui.Case1InformationActivity
ADDED from AndroidManifest.xml:34:9
	android:name
		ADDED from AndroidManifest.xml:34:19
activity#org.xhome.ly.ui.PatientInformationActivity
ADDED from AndroidManifest.xml:35:9
	android:name
		ADDED from AndroidManifest.xml:35:19
activity#org.xhome.ly.ui.MedicalHistoryInformationActivity
ADDED from AndroidManifest.xml:36:9
	android:name
		ADDED from AndroidManifest.xml:36:19
activity#org.xhome.ly.ui.SearchCaseActivity
ADDED from AndroidManifest.xml:37:9
	android:name
		ADDED from AndroidManifest.xml:37:19
activity#org.xhome.ly.ui.SearchResultActivity
ADDED from AndroidManifest.xml:38:9
	android:name
		ADDED from AndroidManifest.xml:38:19
activity#org.xhome.ly.ui.SearchCaseResultActivity
ADDED from AndroidManifest.xml:39:9
	android:name
		ADDED from AndroidManifest.xml:39:19
activity#org.xhome.ly.ui.ShowCase1InformationActivity
ADDED from AndroidManifest.xml:40:9
	android:name
		ADDED from AndroidManifest.xml:40:19
activity#org.xhome.ly.ui.Case2InformationActivity
ADDED from AndroidManifest.xml:41:9
	android:name
		ADDED from AndroidManifest.xml:41:19
uses-sdk
INJECTED from AndroidManifest.xml:0:0 reason: use-sdk injection requested
MERGED from com.daimajia.easing:library:1.0.0:7:5
MERGED from com.daimajia.androidanimations:library:1.1.3:8:5
MERGED from com.android.support:support-v4:21.0.2:15:5
MERGED from com.github.dmytrodanylyk.circular-progress-button:library:1.1.3:8:5
MERGED from com.rengwuxian.materialedittext:library:1.5.0:6:5
MERGED from me.drakeet.materialdialog:library:1.2.2:8:5
MERGED from com.github.flavienlaurent.datetimepicker:library:0.0.2:3:5
MERGED from com.android.support:support-v4:21.0.2:15:5
MERGED from com.doomonafireball.betterpickers:library:1.5.2:8:5
MERGED from Ly:android-floating-action-button:unspecified:8:5
MERGED from com.daimajia.numberprogressbar:library:1.2:7:5
	android:targetSdkVersion
		INJECTED from AndroidManifest.xml:0:0
		INJECTED from AndroidManifest.xml:0:0
	android:minSdkVersion
		INJECTED from AndroidManifest.xml:0:0
		INJECTED from AndroidManifest.xml:0:0